2023-07-26 21:21:53,648 [INFO] 
            Intializing the crawler with configurations:
            Start URL: https://www.morson.com/jobs
            Sector File: ./morson_sector.json
            Limit Days: 7
            Session: False
            
2023-07-26 21:21:53,648 [INFO] Starting Crawler
2023-07-26 21:21:53,648 [INFO] Loaded Sectors Succesfully
2023-07-26 21:21:53,648 [INFO] Fetching post urls from listing pages
2023-07-26 21:21:53,648 [INFO] Fetching post urls: https://www.morson.com/jobs
2023-07-26 21:21:57,194 [INFO] Fetching post urls: /jobs?page=2
2023-07-26 21:21:58,313 [INFO] Fetching post urls: /jobs?page=3
2023-07-26 21:21:59,432 [INFO] Fetching post urls: /jobs?page=4
2023-07-26 21:21:59,901 [INFO] Fetching post urls: /jobs?page=5
2023-07-26 21:22:00,385 [INFO] Fetching post urls: /jobs?page=6
2023-07-26 21:22:00,869 [INFO] Fetching post urls: /jobs?page=7
2023-07-26 21:22:01,315 [INFO] Fetching post urls: /jobs?page=8
2023-07-26 21:22:01,781 [INFO] Fetching post urls: /jobs?page=9
2023-07-26 21:22:03,172 [INFO] Fetching post urls: /jobs?page=10
2023-07-26 21:22:04,582 [INFO] Fetching post urls: /jobs?page=11
2023-07-26 21:22:05,112 [INFO] Post urls found: 180
2023-07-26 21:22:05,112 [INFO] Fetching job post details
2023-07-26 21:22:05,112 [INFO] Fetching post data: /job/senior-sub-contract-buyer-5
2023-07-26 21:22:05,658 [INFO] Fetching post data: /job/good-inwards-inspector-1
2023-07-26 21:22:06,033 [INFO] Fetching post data: /job/she-administrator-1
2023-07-26 21:22:06,642 [INFO] Fetching post data: /job/electrical-design-engineer-49
2023-07-26 21:22:08,257 [INFO] Fetching post data: /job/cnc-machinist-slash-5-axis-operator
2023-07-26 21:22:08,627 [INFO] Fetching post data: /job/project-manager-equals-strategy-implementation
2023-07-26 21:22:09,747 [INFO] Fetching post data: /job/software-engineer-sc-cleared
2023-07-26 21:22:10,120 [INFO] Fetching post data: /job/electrical-engineer-electrical-distribution
2023-07-26 21:22:11,611 [INFO] Fetching post data: /job/paint-sprayer-26
2023-07-26 21:22:12,733 [INFO] Fetching post data: /job/admin-assistant-22
2023-07-26 21:22:14,505 [INFO] Fetching post data: /job/data-engineer-26
2023-07-26 21:22:15,632 [INFO] Fetching post data: /job/procurement-and-supply-chain-specialist-8
2023-07-26 21:22:16,166 [INFO] Fetching post data: /job/engineer-10
2023-07-26 21:22:16,997 [INFO] Fetching post data: /job/senior-quantity-surveyor-162
2023-07-26 21:22:19,111 [INFO] Fetching post data: /job/project-manager-737
2023-07-26 21:22:20,491 [INFO] Fetching post data: /job/lead-planning-monitoring-and-control-professional-hybrid
2023-07-26 21:22:21,282 [INFO] Fetching post data: /job/senior-electrical-design-engineer-27
2023-07-26 21:22:22,496 [INFO] Fetching post data: /job/build-inspector-3
2023-07-26 21:22:23,124 [INFO] Fetching post data: /job/senior-cs-and-a-technician-3
2023-07-26 21:22:23,531 [INFO] Fetching post data: /job/contracts-manager-95
2023-07-26 21:22:24,074 [INFO] Fetching post data: /job/senior-contract-manager-5
2023-07-26 21:22:25,905 [INFO] Fetching post data: /job/materials-handling-technician
2023-07-26 21:22:26,532 [INFO] Fetching post data: /job/systems-engineer-223
2023-07-26 21:22:27,714 [INFO] Fetching post data: /job/senior-field-service-engineer-1
2023-07-26 21:22:30,129 [INFO] Fetching post data: /job/hr-administrator-12-month-ftc-burnley
2023-07-26 21:22:30,540 [INFO] Fetching post data: /job/validation-specialist-contractor-laboratory
2023-07-26 21:22:32,947 [INFO] Fetching post data: /job/commercial-manager-145
2023-07-26 21:22:34,095 [INFO] Fetching post data: /job/project-manager-736
2023-07-26 21:22:34,566 [INFO] Fetching post data: /job/sub-contracts-manager-bids
2023-07-26 21:22:35,100 [INFO] Fetching post data: /job/import-slash-export-controller
2023-07-26 21:22:35,449 [INFO] Fetching post data: /job/project-manager-735
2023-07-26 21:22:35,865 [INFO] Fetching post data: /job/mechanical-inspector-48
2023-07-26 21:22:36,972 [INFO] Fetching post data: /job/receptionist-138
2023-07-26 21:22:37,494 [INFO] Fetching post data: /job/sub-project-manager-6
2023-07-26 21:22:37,843 [INFO] Fetching post data: /job/maintenance-mechanical-technician
26-Jul-23 21:23:48 [INFO] Intializing the crawler with configurations:
26-Jul-23 21:23:48 [INFO] Start URL: https://www.morson.com/jobs
26-Jul-23 21:23:48 [INFO] Sector File: ./morson_sector.json
26-Jul-23 21:23:48 [INFO] Limit Days: 7
26-Jul-23 21:23:48 [INFO] Session: False
26-Jul-23 21:23:48 [INFO] Starting Crawler
26-Jul-23 21:23:48 [INFO] Loaded Sectors Succesfully
26-Jul-23 21:23:48 [INFO] Fetching post urls from listing pages
26-Jul-23 21:23:48 [INFO] Fetching post urls: https://www.morson.com/jobs
26-Jul-23 21:23:49 [INFO] Fetching post urls: /jobs?page=2
26-Jul-23 21:23:50 [INFO] Fetching post urls: /jobs?page=3
26-Jul-23 21:23:51 [INFO] Fetching post urls: /jobs?page=4
26-Jul-23 21:23:52 [INFO] Fetching post urls: /jobs?page=5
26-Jul-23 21:23:53 [INFO] Fetching post urls: /jobs?page=6
26-Jul-23 21:23:53 [INFO] Fetching post urls: /jobs?page=7
26-Jul-23 21:23:54 [INFO] Fetching post urls: /jobs?page=8
26-Jul-23 21:23:54 [INFO] Fetching post urls: /jobs?page=9
26-Jul-23 21:23:55 [INFO] Fetching post urls: /jobs?page=10
26-Jul-23 21:23:56 [INFO] Fetching post urls: /jobs?page=11
26-Jul-23 21:23:57 [INFO] Post urls found: 180
26-Jul-23 21:23:57 [INFO] Fetching job post details
26-Jul-23 21:23:57 [INFO] Fetching post data: /job/senior-sub-contract-buyer-5
26-Jul-23 21:23:58 [INFO] Fetching post data: /job/good-inwards-inspector-1
26-Jul-23 21:23:59 [INFO] Fetching post data: /job/she-administrator-1
26-Jul-23 21:23:59 [INFO] Fetching post data: /job/electrical-design-engineer-49
26-Jul-23 21:24:01 [INFO] Fetching post data: /job/cnc-machinist-slash-5-axis-operator
26-Jul-23 21:24:02 [INFO] Fetching post data: /job/project-manager-equals-strategy-implementation
26-Jul-23 21:24:02 [INFO] Fetching post data: /job/software-engineer-sc-cleared
26-Jul-23 21:24:03 [INFO] Fetching post data: /job/electrical-engineer-electrical-distribution
26-Jul-23 21:24:04 [INFO] Fetching post data: /job/paint-sprayer-26
26-Jul-23 21:24:06 [INFO] Fetching post data: /job/admin-assistant-22
26-Jul-23 21:24:07 [INFO] Fetching post data: /job/data-engineer-26
26-Jul-23 21:24:07 [INFO] Fetching post data: /job/procurement-and-supply-chain-specialist-8
26-Jul-23 21:24:07 [INFO] Fetching post data: /job/engineer-10
26-Jul-23 21:24:09 [INFO] Fetching post data: /job/senior-quantity-surveyor-162
26-Jul-23 21:24:09 [INFO] Fetching post data: /job/project-manager-737
26-Jul-23 21:24:10 [INFO] Fetching post data: /job/lead-planning-monitoring-and-control-professional-hybrid
26-Jul-23 21:24:11 [INFO] Fetching post data: /job/senior-electrical-design-engineer-27
26-Jul-23 21:24:11 [INFO] Fetching post data: /job/build-inspector-3
26-Jul-23 21:24:12 [INFO] Fetching post data: /job/senior-cs-and-a-technician-3
26-Jul-23 21:24:13 [INFO] Fetching post data: /job/contracts-manager-95
26-Jul-23 21:24:14 [INFO] Fetching post data: /job/senior-contract-manager-5
26-Jul-23 21:24:15 [INFO] Fetching post data: /job/materials-handling-technician
26-Jul-23 21:24:15 [INFO] Fetching post data: /job/systems-engineer-223
26-Jul-23 21:24:16 [INFO] Fetching post data: /job/senior-field-service-engineer-1
26-Jul-23 21:24:16 [INFO] Fetching post data: /job/hr-administrator-12-month-ftc-burnley
26-Jul-23 21:24:17 [INFO] Fetching post data: /job/validation-specialist-contractor-laboratory
26-Jul-23 21:24:17 [INFO] Fetching post data: /job/commercial-manager-145
26-Jul-23 21:24:21 [INFO] Fetching post data: /job/project-manager-736
26-Jul-23 21:24:22 [INFO] Fetching post data: /job/sub-contracts-manager-bids
26-Jul-23 21:24:23 [INFO] Fetching post data: /job/import-slash-export-controller
26-Jul-23 21:24:24 [INFO] Fetching post data: /job/project-manager-735
26-Jul-23 21:24:24 [INFO] Fetching post data: /job/mechanical-inspector-48
26-Jul-23 21:24:25 [INFO] Fetching post data: /job/receptionist-138
26-Jul-23 21:24:26 [INFO] Fetching post data: /job/sub-project-manager-6
26-Jul-23 21:24:27 [INFO] Fetching post data: /job/maintenance-mechanical-technician
26-Jul-23 21:24:27 [INFO] Fetching post data: /job/circuit-card-testing-engineer-flying-probe
26-Jul-23 21:24:28 [INFO] Fetching post data: /job/employee-relations-specialist-15
26-Jul-23 21:24:28 [INFO] Fetching post data: /job/accounts-payable-administrator-14
26-Jul-23 21:24:30 [INFO] Fetching post data: /job/area-engineering-manager-5
26-Jul-23 21:24:31 [INFO] Fetching post data: /job/ec-and-i-shift-technician
26-Jul-23 21:24:31 [INFO] Fetching post data: /job/senior-engineer-39
26-Jul-23 21:24:32 [INFO] Fetching post data: /job/apprenticeship-served-mechanical-maintenance-technician
26-Jul-23 21:24:33 [INFO] Fetching post data: /job/principal-engineer-software-5
26-Jul-23 21:24:34 [INFO] Fetching post data: /job/systems-engineer-222
26-Jul-23 21:24:35 [INFO] Fetching post data: /job/interim-accountant-3
26-Jul-23 21:24:35 [INFO] Fetching post data: /job/administrator-sales-support
26-Jul-23 21:24:36 [INFO] Fetching post data: /job/test-rig-designer
26-Jul-23 21:24:36 [INFO] Fetching post data: /job/protecting-workers-on-the-track-pwt-1
26-Jul-23 21:24:37 [INFO] Fetching post data: /job/principal-systems-engineer-37
26-Jul-23 21:24:37 [INFO] Fetching post data: /job/principal-systems-engineer-36
26-Jul-23 21:24:38 [INFO] Fetching post data: /job/principal-systems-engineer-35
26-Jul-23 21:24:40 [INFO] Fetching post data: /job/project-administrator-156
26-Jul-23 21:24:41 [INFO] Fetching post data: /job/senior-mechanical-engineer-107
26-Jul-23 21:24:42 [INFO] Fetching post data: /job/quality-engineer-149
26-Jul-23 21:24:43 [INFO] Fetching post data: /job/electrical-design-engineer-48
26-Jul-23 21:24:44 [INFO] Fetching post data: /job/principal-highways-engineer-2
26-Jul-23 21:24:44 [INFO] Fetching post data: /job/machinist-fabrication-technician-728
26-Jul-23 21:24:46 [INFO] Fetching post data: /job/senior-cost-controller-1
26-Jul-23 21:24:46 [INFO] Fetching post data: /job/metering-engineer-4
26-Jul-23 21:24:47 [INFO] Fetching post data: /job/senior-finance-analyst-5
26-Jul-23 21:24:48 [INFO] Fetching post data: /job/solution-engineering-manager-r0222967
26-Jul-23 21:24:48 [INFO] Fetching post data: /job/process-engineer-62
26-Jul-23 21:24:48 [INFO] Fetching post data: /job/quality-administrator-9
26-Jul-23 21:24:49 [INFO] Fetching post data: /job/safety-case-support-technical-author
26-Jul-23 21:24:50 [INFO] Fetching post data: /job/procurement-officer-22
26-Jul-23 21:24:50 [INFO] Fetching post data: /job/site-qa-officer-1
26-Jul-23 21:24:52 [INFO] Fetching post data: /job/marketing-slash-communications-manager
26-Jul-23 21:24:52 [INFO] Fetching post data: /job/electrical-engineer-118
26-Jul-23 21:24:52 [INFO] Fetching post data: /job/multi-skilled-engineer-33
26-Jul-23 21:24:53 [INFO] Fetching post data: /job/software-assurance-engineer-9
26-Jul-23 21:24:54 [INFO] Fetching post data: /job/shift-engineer-14
26-Jul-23 21:24:55 [INFO] Fetching post data: /job/noc-engineer-3
26-Jul-23 21:24:56 [INFO] Fetching post data: /job/5x-mobile-systems-engineers
26-Jul-23 21:24:57 [INFO] Fetching post data: /job/interim-payroll-specialist
26-Jul-23 21:25:00 [INFO] Fetching post data: /job/project-quality-engineer-16
26-Jul-23 21:25:01 [INFO] Fetching post data: /job/assistant-procurement-manager-4
26-Jul-23 21:25:03 [INFO] Fetching post data: /job/permit-engineer
26-Jul-23 21:25:04 [INFO] Fetching post data: /job/project-manager-734
26-Jul-23 21:25:05 [INFO] Fetching post data: /job/learning-facilitator-slash-h-and-s-trainer
26-Jul-23 21:25:05 [INFO] Fetching post data: /job/embedded-c-slash-c-plus-plus-software-engineer-5
26-Jul-23 21:25:07 [INFO] Fetching post data: /job/p6-project-planner-sizewell-c-4
26-Jul-23 21:25:07 [INFO] Fetching post data: /job/snowflake-and-dbt-data-engineer
26-Jul-23 21:25:07 [INFO] Fetching post data: /job/p6-planner-15
26-Jul-23 21:25:08 [INFO] Fetching post data: /job/finance-assistant-37
26-Jul-23 21:25:08 [INFO] Fetching post data: /job/receptionist-137
26-Jul-23 21:25:10 [INFO] Fetching post data: /job/senior-cs-and-a-engineer-14
26-Jul-23 21:25:11 [INFO] Fetching post data: /job/senior-cs-and-a-engineer-13
26-Jul-23 21:25:12 [INFO] Fetching post data: /job/business-development-manager-31
26-Jul-23 21:25:12 [INFO] Fetching post data: /job/portfolio-analyst
26-Jul-23 21:25:13 [INFO] Fetching post data: /job/interim-legal-counsel-12-months-ftc
26-Jul-23 21:25:15 [INFO] Fetching post data: /job/commercial-finance-manager-2
26-Jul-23 21:25:16 [INFO] Fetching post data: /job/senior-recruitment-consultant-10
26-Jul-23 21:25:18 [INFO] Fetching post data: /job/project-support-coordinator
26-Jul-23 21:25:19 [INFO] Fetching post data: /job/sales-support-administrator-4
26-Jul-23 21:25:19 [INFO] Fetching post data: /job/paint-sprayer-25
26-Jul-23 21:25:20 [INFO] Fetching post data: /job/civil-site-manager-8
26-Jul-23 21:25:23 [INFO] Fetching post data: /job/business-support-assistant-21
26-Jul-23 21:25:24 [INFO] Fetching post data: /job/service-controller-1
26-Jul-23 21:25:24 [INFO] Fetching post data: /job/o-and-m-document-controller
26-Jul-23 21:25:25 [INFO] Fetching post data: /job/non-linear-finite-element-analysis-engineer
26-Jul-23 21:25:25 [INFO] Fetching post data: /job/manufacturing-operative-37
26-Jul-23 21:25:28 [INFO] Fetching post data: /job/metrology-fitter
26-Jul-23 21:25:28 [INFO] Fetching post data: /job/reporting-and-digital-manager
26-Jul-23 21:25:30 [INFO] Fetching post data: /job/civil-structural-engineer-fea-experience
26-Jul-23 21:25:32 [INFO] Fetching post data: /job/principal-systems-engineer-avc-test-capability
26-Jul-23 21:25:32 [INFO] Fetching post data: /job/senior-civil-structural-engineer-fea-experience
26-Jul-23 21:25:35 [INFO] Fetching post data: /job/material-supply-officer-26
26-Jul-23 21:25:36 [INFO] Fetching post data: /job/cnc-machinist-69
26-Jul-23 21:25:37 [INFO] Fetching post data: /job/people-services-advisor
26-Jul-23 21:25:40 [INFO] Fetching post data: /job/construction-engineer-5
26-Jul-23 21:25:42 [INFO] Fetching post data: /job/mechanical-field-service-1
26-Jul-23 21:25:43 [INFO] Fetching post data: /job/site-domestic-supervisor
26-Jul-23 21:25:43 [INFO] Fetching post data: /job/manufacturing-engineer-286
26-Jul-23 21:25:45 [INFO] Fetching post data: /job/accounts-bookeeper
26-Jul-23 21:25:45 [INFO] Fetching post data: /job/autoclave-operator-1
26-Jul-23 21:25:46 [INFO] Fetching post data: /job/manufacturing-engineer-configuration-mgt
26-Jul-23 21:25:47 [INFO] Fetching post data: /job/business-operations-support
26-Jul-23 21:25:48 [INFO] Fetching post data: /job/project-procurement-officer
26-Jul-23 21:25:49 [INFO] Fetching post data: /job/production-technician-27
26-Jul-23 21:25:49 [INFO] Fetching post data: /job/part-time-admin
26-Jul-23 21:25:50 [INFO] Fetching post data: /job/recruitment-manager-10
26-Jul-23 21:25:50 [INFO] Fetching post data: /job/installation-engineer-1
26-Jul-23 21:25:51 [INFO] Fetching post data: /job/water-hydraulics-engineering-lead-slash-manager
26-Jul-23 21:25:52 [INFO] Fetching post data: /job/buyer-201
26-Jul-23 21:25:54 [INFO] Fetching post data: /job/ivvq-engineer-4
26-Jul-23 21:25:55 [INFO] Fetching post data: /job/aws-architect-5
26-Jul-23 21:25:55 [INFO] Fetching post data: /job/comms-engagement-and-event-executive
26-Jul-23 21:25:56 [INFO] Fetching post data: /job/commercial-support-officer-7
26-Jul-23 21:25:58 [INFO] Fetching post data: /job/mechanical-draughtsman
26-Jul-23 21:25:58 [INFO] Fetching post data: /job/project-manager-733
26-Jul-23 21:25:58 [INFO] Fetching post data: /job/estimator-65
26-Jul-23 21:26:01 [INFO] Fetching post data: /job/lift-and-fuel-handling-commissioning-engineer
26-Jul-23 21:26:01 [INFO] Fetching post data: /job/radiation-protection-and-emergency-preparedness-speciallist
26-Jul-23 21:26:02 [INFO] Fetching post data: /job/systems-failure-mode-analysis-engineer-1
26-Jul-23 21:26:03 [INFO] Fetching post data: /job/systems-failure-mode-analysis-engineer
26-Jul-23 21:26:03 [INFO] Fetching post data: /job/planner-60
26-Jul-23 21:26:04 [INFO] Fetching post data: /job/ptmp-and-small-tools-rail-trainers-2
26-Jul-23 21:26:05 [INFO] Fetching post data: /job/senior-finance-manager-4
26-Jul-23 21:26:05 [INFO] Fetching post data: /job/real-estate-project-manager-hybrid
26-Jul-23 21:26:06 [INFO] Fetching post data: /job/track-safety-rail-trainer
26-Jul-23 21:26:07 [INFO] Fetching post data: /job/senior-strategy-manager-1
26-Jul-23 21:26:08 [INFO] Fetching post data: /job/procurement-manager-81
26-Jul-23 21:26:09 [INFO] Fetching post data: /job/procurement-manager-80
26-Jul-23 21:26:10 [INFO] Fetching post data: /job/senior-conformance-engineers
26-Jul-23 21:26:12 [INFO] Fetching post data: /job/flight-line-support-controller
26-Jul-23 21:26:13 [INFO] Fetching post data: /job/senior-commercial-manager-17
26-Jul-23 21:26:13 [INFO] Fetching post data: /job/principal-conformance-engineer
26-Jul-23 21:26:15 [INFO] Fetching post data: /job/customer-service-coordinator-16
26-Jul-23 21:26:15 [INFO] Fetching post data: /job/commercial-project-director-2
26-Jul-23 21:26:16 [INFO] Fetching post data: /job/quality-engineer-148
26-Jul-23 21:26:19 [INFO] Fetching post data: /job/trainee-onsite-account-coordinator
26-Jul-23 21:26:20 [INFO] Fetching post data: /job/senior-electrical-control-and-instrumentation-engineer
26-Jul-23 21:26:21 [INFO] Fetching post data: /job/project-engineer-241
26-Jul-23 21:26:22 [INFO] Fetching post data: /job/infotainment-design-engineer-730-1
26-Jul-23 21:26:24 [INFO] Fetching post data: /job/automotive-trim-test-technician-727-1
26-Jul-23 21:26:24 [INFO] Fetching post data: /job/automotive-trim-test-technician-726-1
26-Jul-23 21:26:26 [INFO] Fetching post data: /job/ec-and-i-engineer-67
26-Jul-23 21:26:26 [INFO] Fetching post data: /job/vehicle-technician-725-1
26-Jul-23 21:26:29 [INFO] Fetching post data: /job/vehicle-crash-test-technician-724-1
26-Jul-23 21:26:30 [INFO] Fetching post data: /job/vehicle-crash-test-technician-723-1
26-Jul-23 21:26:31 [INFO] Fetching post data: /job/navigation-vehicle-test-technician-722-1
26-Jul-23 21:26:31 [INFO] Fetching post data: /job/procurement-manager-79
26-Jul-23 21:26:33 [INFO] Fetching post data: /job/vehicle-test-technician-connected-car-721-1
26-Jul-23 21:26:34 [INFO] Fetching post data: /job/vehicle-test-technician-720-1
26-Jul-23 21:26:34 [INFO] Fetching post data: /job/ecological-clerk-of-works-6
26-Jul-23 21:26:35 [INFO] Fetching post data: /job/planner-get-ready-london-slash-leiston
26-Jul-23 21:26:35 [INFO] Fetching post data: /job/mechanical-technician-89
26-Jul-23 21:26:35 [INFO] Fetching post data: /job/senior-mechanical-design-engineer-54
26-Jul-23 21:26:36 [INFO] Fetching post data: /job/p6-project-planner-sizewell-c-3
26-Jul-23 21:26:37 [INFO] Fetching post data: /job/area-integration-lead-1
26-Jul-23 21:26:38 [INFO] Fetching post data: /job/cad-designer-civil
26-Jul-23 21:26:38 [INFO] Fetching post data: /job/senior-design-engineers-various-disciplines
26-Jul-23 21:26:39 [INFO] Fetching post data: /job/senior-robotic-systems-technologist-2
26-Jul-23 21:26:39 [INFO] Fetching post data: /job/projects-and-improvements-operator-2-year-secondment
26-Jul-23 21:26:40 [INFO] Fetching post data: /job/stress-engineer-15
26-Jul-23 21:26:41 [INFO] Fetching post data: /job/planner-big-build-leiston-slash-london
26-Jul-23 21:26:42 [INFO] Fetching post data: /job/vehicle-technician-12
26-Jul-23 21:26:43 [INFO] Fetching post data: /job/electrical-test-technician-674-1
26-Jul-23 21:26:45 [INFO] Fetching post data: /job/assembly-operative-16
26-Jul-23 21:26:45 [INFO] Fetching post data: /job/administrator-479
26-Jul-23 21:26:48 [INFO] Saving job posts to Morson_20230726.csv
26-Jul-23 21:26:48 [INFO] Saving job posts to Morson_20230726.json
26-Jul-23 22:55:45 [INFO] Intializing the crawler with configurations:
26-Jul-23 22:55:45 [INFO] Start URL: https://www.morson.com/jobs
26-Jul-23 22:55:45 [INFO] Sector File: ./morson_sector.json
26-Jul-23 22:55:45 [INFO] Limit Days: 7
26-Jul-23 22:55:45 [INFO] Session: False
26-Jul-23 22:55:45 [INFO] Starting Crawler
26-Jul-23 22:55:45 [ERROR] Error Loading Sector File. Skipping Sector fields
26-Jul-23 22:55:45 [INFO] Fetching post urls from listing pages
26-Jul-23 22:55:45 [INFO] Fetching post urls: https://www.morson.com/jobs
26-Jul-23 22:55:46 [INFO] Fetching post urls: /jobs?page=2
26-Jul-23 22:55:49 [INFO] Fetching post urls: /jobs?page=3
26-Jul-23 22:55:50 [INFO] Fetching post urls: /jobs?page=4
26-Jul-23 22:55:53 [INFO] Fetching post urls: /jobs?page=5
26-Jul-23 22:55:55 [INFO] Fetching post urls: /jobs?page=6
26-Jul-23 22:55:58 [INFO] Fetching post urls: /jobs?page=7
26-Jul-23 22:56:00 [INFO] Fetching post urls: /jobs?page=8
26-Jul-23 22:56:01 [INFO] Fetching post urls: /jobs?page=9
26-Jul-23 22:56:04 [INFO] Fetching post urls: /jobs?page=10
26-Jul-23 22:56:06 [INFO] Fetching post urls: /jobs?page=11
26-Jul-23 22:56:09 [INFO] Post urls found: 180
26-Jul-23 22:56:09 [INFO] Fetching job post details
26-Jul-23 22:56:09 [INFO] Fetching post data: /job/senior-sub-contract-buyer-5
26-Jul-23 22:56:10 [INFO] Fetching post data: /job/good-inwards-inspector-1
26-Jul-23 22:56:10 [INFO] Fetching post data: /job/she-administrator-1
26-Jul-23 23:14:27 [INFO] Intializing the crawler with configurations:
26-Jul-23 23:14:27 [INFO] Start URL: https://www.morson.com/jobs
26-Jul-23 23:14:27 [INFO] Sector File: ./morson_sector.json
26-Jul-23 23:14:27 [INFO] Limit Days: 7
26-Jul-23 23:14:27 [INFO] Session: False
26-Jul-23 23:14:27 [INFO] Starting Crawler
26-Jul-23 23:14:27 [INFO] Loaded Sectors Succesfully
26-Jul-23 23:14:27 [INFO] Fetching post urls from listing pages
26-Jul-23 23:14:27 [INFO] Fetching post urls: https://www.morson.com/jobs
26-Jul-23 23:14:30 [INFO] Fetching post urls: /jobs?page=2
26-Jul-23 23:14:31 [INFO] Fetching post urls: /jobs?page=3
26-Jul-23 23:14:34 [INFO] Fetching post urls: /jobs?page=4
26-Jul-23 23:14:35 [INFO] Fetching post urls: /jobs?page=5
26-Jul-23 23:14:38 [INFO] Fetching post urls: /jobs?page=6
26-Jul-23 23:14:39 [INFO] Fetching post urls: /jobs?page=7
26-Jul-23 23:14:41 [INFO] Fetching post urls: /jobs?page=8
26-Jul-23 23:14:45 [INFO] Fetching post urls: /jobs?page=9
26-Jul-23 23:14:48 [INFO] Fetching post urls: /jobs?page=10
26-Jul-23 23:14:49 [INFO] Fetching post urls: /jobs?page=11
26-Jul-23 23:14:51 [INFO] Post urls found: 180
26-Jul-23 23:14:51 [INFO] Fetching job post details
26-Jul-23 23:14:51 [INFO] Fetching post data: /job/senior-sub-contract-buyer-5
26-Jul-23 23:14:52 [INFO] Fetching post data: /job/good-inwards-inspector-1
26-Jul-23 23:14:53 [INFO] Fetching post data: /job/she-administrator-1
26-Jul-23 23:14:54 [INFO] Fetching post data: /job/electrical-design-engineer-49
26-Jul-23 23:14:55 [INFO] Fetching post data: /job/cnc-machinist-slash-5-axis-operator
26-Jul-23 23:14:56 [INFO] Fetching post data: /job/project-manager-738
26-Jul-23 23:14:56 [INFO] Fetching post data: /job/software-engineer-sc-cleared
26-Jul-23 23:14:57 [INFO] Fetching post data: /job/electrical-engineer-electrical-distribution
26-Jul-23 23:14:57 [INFO] Fetching post data: /job/paint-sprayer-26
26-Jul-23 23:14:58 [INFO] Fetching post data: /job/admin-assistant-22
26-Jul-23 23:14:58 [INFO] Fetching post data: /job/data-engineer-26
26-Jul-23 23:14:59 [INFO] Fetching post data: /job/procurement-and-supply-chain-specialist-8
26-Jul-23 23:14:59 [INFO] Fetching post data: /job/engineer-10
26-Jul-23 23:15:00 [INFO] Fetching post data: /job/senior-quantity-surveyor-162
26-Jul-23 23:15:01 [INFO] Fetching post data: /job/project-manager-737
26-Jul-23 23:15:02 [INFO] Fetching post data: /job/lead-planning-monitoring-and-control-professional-hybrid
26-Jul-23 23:15:02 [INFO] Fetching post data: /job/senior-electrical-design-engineer-27
26-Jul-23 23:15:03 [INFO] Fetching post data: /job/build-inspector-3
26-Jul-23 23:15:04 [INFO] Fetching post data: /job/senior-cs-and-a-technician-3
26-Jul-23 23:15:05 [INFO] Fetching post data: /job/contracts-manager-95
26-Jul-23 23:15:05 [INFO] Fetching post data: /job/senior-contract-manager-5
26-Jul-23 23:15:05 [INFO] Fetching post data: /job/materials-handling-technician
26-Jul-23 23:15:06 [INFO] Fetching post data: /job/systems-engineer-223
26-Jul-23 23:15:08 [INFO] Fetching post data: /job/senior-field-service-engineer-1
26-Jul-23 23:15:09 [INFO] Fetching post data: /job/hr-administrator-12-month-ftc-burnley
26-Jul-23 23:15:10 [INFO] Fetching post data: /job/validation-specialist-contractor-laboratory
26-Jul-23 23:15:10 [INFO] Fetching post data: /job/commercial-manager-145
26-Jul-23 23:15:11 [INFO] Fetching post data: /job/project-manager-736
26-Jul-23 23:15:12 [INFO] Fetching post data: /job/sub-contracts-manager-bids
26-Jul-23 23:15:13 [INFO] Fetching post data: /job/import-slash-export-controller
26-Jul-23 23:15:14 [INFO] Fetching post data: /job/project-manager-735
26-Jul-23 23:15:16 [INFO] Fetching post data: /job/mechanical-inspector-48
26-Jul-23 23:15:16 [INFO] Fetching post data: /job/receptionist-138
26-Jul-23 23:15:17 [INFO] Fetching post data: /job/sub-project-manager-6
26-Jul-23 23:15:17 [INFO] Fetching post data: /job/maintenance-mechanical-technician
26-Jul-23 23:15:18 [INFO] Fetching post data: /job/circuit-card-testing-engineer-flying-probe
26-Jul-23 23:15:19 [INFO] Fetching post data: /job/employee-relations-specialist-15
26-Jul-23 23:15:19 [INFO] Fetching post data: /job/accounts-payable-administrator-14
26-Jul-23 23:15:20 [INFO] Fetching post data: /job/area-engineering-manager-5
26-Jul-23 23:15:22 [INFO] Fetching post data: /job/ec-and-i-shift-technician
26-Jul-23 23:15:23 [INFO] Fetching post data: /job/senior-engineer-39
26-Jul-23 23:15:24 [INFO] Fetching post data: /job/apprenticeship-served-mechanical-maintenance-technician
26-Jul-23 23:15:25 [INFO] Fetching post data: /job/principal-engineer-software-5
26-Jul-23 23:15:26 [INFO] Fetching post data: /job/systems-engineer-222
26-Jul-23 23:15:27 [INFO] Fetching post data: /job/interim-accountant-3
26-Jul-23 23:15:29 [INFO] Fetching post data: /job/administrator-sales-support
26-Jul-23 23:15:31 [INFO] Fetching post data: /job/test-rig-designer
26-Jul-23 23:15:32 [INFO] Fetching post data: /job/protecting-workers-on-the-track-pwt-1
26-Jul-23 23:15:34 [INFO] Fetching post data: /job/principal-systems-engineer-37
26-Jul-23 23:15:35 [INFO] Fetching post data: /job/principal-systems-engineer-36
26-Jul-23 23:15:36 [INFO] Fetching post data: /job/principal-systems-engineer-35
26-Jul-23 23:15:37 [INFO] Fetching post data: /job/project-administrator-156
26-Jul-23 23:15:37 [INFO] Fetching post data: /job/senior-mechanical-engineer-107
26-Jul-23 23:15:38 [INFO] Fetching post data: /job/quality-engineer-149
26-Jul-23 23:15:39 [INFO] Fetching post data: /job/electrical-design-engineer-48
26-Jul-23 23:15:40 [INFO] Fetching post data: /job/principal-highways-engineer-2
26-Jul-23 23:15:42 [INFO] Fetching post data: /job/machinist-fabrication-technician-728
26-Jul-23 23:15:43 [INFO] Fetching post data: /job/senior-cost-controller-1
26-Jul-23 23:15:44 [INFO] Fetching post data: /job/metering-engineer-4
26-Jul-23 23:15:45 [INFO] Fetching post data: /job/senior-finance-analyst-5
26-Jul-23 23:15:46 [INFO] Fetching post data: /job/solution-engineering-manager-r0222967
26-Jul-23 23:15:47 [INFO] Fetching post data: /job/process-engineer-62
26-Jul-23 23:15:48 [INFO] Fetching post data: /job/quality-administrator-9
26-Jul-23 23:15:50 [INFO] Fetching post data: /job/safety-case-support-technical-author
26-Jul-23 23:15:51 [INFO] Fetching post data: /job/procurement-officer-22
26-Jul-23 23:15:52 [INFO] Fetching post data: /job/site-qa-officer-1
26-Jul-23 23:15:53 [INFO] Fetching post data: /job/marketing-slash-communications-manager
26-Jul-23 23:15:54 [INFO] Fetching post data: /job/electrical-engineer-118
26-Jul-23 23:15:55 [INFO] Fetching post data: /job/multi-skilled-engineer-33
26-Jul-23 23:15:56 [INFO] Fetching post data: /job/software-assurance-engineer-9
26-Jul-23 23:15:57 [INFO] Fetching post data: /job/multi-skilled-engineer-34
26-Jul-23 23:15:58 [INFO] Fetching post data: /job/noc-engineer-3
26-Jul-23 23:15:59 [INFO] Fetching post data: /job/5x-mobile-systems-engineers
26-Jul-23 23:16:01 [INFO] Fetching post data: /job/interim-payroll-specialist
26-Jul-23 23:16:02 [INFO] Fetching post data: /job/project-quality-engineer-16
26-Jul-23 23:16:04 [INFO] Fetching post data: /job/assistant-procurement-manager-4
26-Jul-23 23:16:05 [INFO] Fetching post data: /job/permit-engineer
26-Jul-23 23:16:07 [INFO] Fetching post data: /job/project-manager-734
26-Jul-23 23:16:08 [INFO] Fetching post data: /job/learning-facilitator-slash-h-and-s-trainer
26-Jul-23 23:16:09 [INFO] Fetching post data: /job/embedded-c-slash-c-plus-plus-software-engineer-5
26-Jul-23 23:16:11 [INFO] Fetching post data: /job/p6-project-planner-sizewell-c-4
26-Jul-23 23:16:13 [INFO] Fetching post data: /job/snowflake-and-dbt-data-engineer
26-Jul-23 23:16:14 [INFO] Fetching post data: /job/p6-planner-15
26-Jul-23 23:16:15 [INFO] Fetching post data: /job/finance-assistant-37
26-Jul-23 23:16:17 [INFO] Fetching post data: /job/receptionist-137
26-Jul-23 23:16:18 [INFO] Fetching post data: /job/senior-cs-and-a-engineer-14
26-Jul-23 23:16:19 [INFO] Fetching post data: /job/senior-cs-and-a-engineer-13
26-Jul-23 23:16:20 [INFO] Fetching post data: /job/business-development-manager-31
26-Jul-23 23:16:22 [INFO] Fetching post data: /job/portfolio-analyst
26-Jul-23 23:16:22 [INFO] Fetching post data: /job/interim-legal-counsel-12-months-ftc
26-Jul-23 23:16:24 [INFO] Fetching post data: /job/commercial-finance-manager-2
26-Jul-23 23:16:25 [INFO] Fetching post data: /job/senior-recruitment-consultant-10
26-Jul-23 23:16:27 [INFO] Fetching post data: /job/project-support-coordinator
26-Jul-23 23:16:28 [INFO] Fetching post data: /job/sales-support-administrator-4
26-Jul-23 23:16:29 [INFO] Fetching post data: /job/paint-sprayer-25
26-Jul-23 23:16:30 [INFO] Fetching post data: /job/civil-site-manager-8
26-Jul-23 23:16:31 [INFO] Fetching post data: /job/business-support-assistant-21
26-Jul-23 23:16:33 [INFO] Fetching post data: /job/service-controller-1
26-Jul-23 23:16:34 [INFO] Fetching post data: /job/o-and-m-document-controller
26-Jul-23 23:16:36 [INFO] Fetching post data: /job/non-linear-finite-element-analysis-engineer
26-Jul-23 23:16:37 [INFO] Fetching post data: /job/manufacturing-operative-37
26-Jul-23 23:16:38 [INFO] Fetching post data: /job/metrology-fitter
26-Jul-23 23:16:38 [INFO] Fetching post data: /job/reporting-and-digital-manager
26-Jul-23 23:16:40 [INFO] Fetching post data: /job/civil-structural-engineer-fea-experience
26-Jul-23 23:16:41 [INFO] Fetching post data: /job/principal-systems-engineer-avc-test-capability
26-Jul-23 23:16:42 [INFO] Fetching post data: /job/senior-civil-structural-engineer-fea-experience
26-Jul-23 23:16:43 [INFO] Fetching post data: /job/material-supply-officer-26
26-Jul-23 23:16:45 [INFO] Fetching post data: /job/cnc-machinist-69
26-Jul-23 23:16:46 [INFO] Fetching post data: /job/people-services-advisor
26-Jul-23 23:16:47 [INFO] Fetching post data: /job/construction-engineer-5
26-Jul-23 23:16:49 [INFO] Fetching post data: /job/mechanical-field-service-1
26-Jul-23 23:16:50 [INFO] Fetching post data: /job/site-domestic-supervisor
26-Jul-23 23:16:51 [INFO] Fetching post data: /job/manufacturing-engineer-286
26-Jul-23 23:16:51 [INFO] Fetching post data: /job/accounts-bookeeper
26-Jul-23 23:16:52 [INFO] Fetching post data: /job/autoclave-operator-1
26-Jul-23 23:16:53 [INFO] Fetching post data: /job/manufacturing-engineer-configuration-mgt
26-Jul-23 23:16:54 [INFO] Fetching post data: /job/business-operations-support
26-Jul-23 23:16:55 [INFO] Fetching post data: /job/project-procurement-officer
26-Jul-23 23:16:56 [INFO] Fetching post data: /job/production-technician-27
26-Jul-23 23:16:57 [INFO] Fetching post data: /job/part-time-admin
26-Jul-23 23:16:58 [INFO] Fetching post data: /job/recruitment-manager-10
26-Jul-23 23:16:59 [INFO] Fetching post data: /job/installation-engineer-1
26-Jul-23 23:17:00 [INFO] Fetching post data: /job/water-hydraulics-engineering-lead-slash-manager
26-Jul-23 23:17:02 [INFO] Fetching post data: /job/buyer-201
26-Jul-23 23:17:04 [INFO] Fetching post data: /job/ivvq-engineer-4
26-Jul-23 23:17:05 [INFO] Fetching post data: /job/aws-architect-5
26-Jul-23 23:17:06 [INFO] Fetching post data: /job/comms-engagement-and-event-executive
26-Jul-23 23:17:08 [INFO] Fetching post data: /job/commercial-support-officer-7
26-Jul-23 23:17:08 [INFO] Fetching post data: /job/mechanical-draughtsman
26-Jul-23 23:17:11 [INFO] Fetching post data: /job/project-manager-733
26-Jul-23 23:17:11 [INFO] Fetching post data: /job/estimator-65
26-Jul-23 23:17:13 [INFO] Fetching post data: /job/lift-and-fuel-handling-commissioning-engineer
26-Jul-23 23:17:14 [INFO] Fetching post data: /job/radiation-protection-and-emergency-preparedness-speciallist
26-Jul-23 23:17:15 [INFO] Fetching post data: /job/systems-failure-mode-analysis-engineer-1
26-Jul-23 23:17:16 [INFO] Fetching post data: /job/systems-failure-mode-analysis-engineer
26-Jul-23 23:17:18 [INFO] Fetching post data: /job/planner-60
26-Jul-23 23:17:20 [INFO] Fetching post data: /job/ptmp-and-small-tools-rail-trainers-2
26-Jul-23 23:17:21 [INFO] Fetching post data: /job/senior-finance-manager-4
26-Jul-23 23:17:22 [INFO] Fetching post data: /job/real-estate-project-manager-hybrid
26-Jul-23 23:17:24 [INFO] Fetching post data: /job/track-safety-rail-trainer
26-Jul-23 23:17:25 [INFO] Fetching post data: /job/senior-strategy-manager-1
26-Jul-23 23:17:27 [INFO] Fetching post data: /job/procurement-manager-81
26-Jul-23 23:17:29 [INFO] Fetching post data: /job/procurement-manager-80
26-Jul-23 23:17:31 [INFO] Fetching post data: /job/senior-conformance-engineers
26-Jul-23 23:17:32 [INFO] Fetching post data: /job/flight-line-support-controller
26-Jul-23 23:17:34 [INFO] Fetching post data: /job/senior-commercial-manager-17
26-Jul-23 23:17:36 [INFO] Fetching post data: /job/principal-conformance-engineer
26-Jul-23 23:17:37 [INFO] Fetching post data: /job/customer-service-coordinator-16
26-Jul-23 23:17:38 [INFO] Fetching post data: /job/commercial-project-director-2
26-Jul-23 23:17:40 [INFO] Fetching post data: /job/quality-engineer-148
26-Jul-23 23:17:42 [INFO] Fetching post data: /job/trainee-onsite-account-coordinator
26-Jul-23 23:17:43 [INFO] Fetching post data: /job/senior-electrical-control-and-instrumentation-engineer
26-Jul-23 23:17:44 [INFO] Fetching post data: /job/project-engineer-241
26-Jul-23 23:17:45 [INFO] Fetching post data: /job/infotainment-design-engineer-730-1
26-Jul-23 23:17:46 [INFO] Fetching post data: /job/automotive-trim-test-technician-727-1
26-Jul-23 23:17:48 [INFO] Fetching post data: /job/automotive-trim-test-technician-726-1
26-Jul-23 23:17:50 [INFO] Fetching post data: /job/ec-and-i-engineer-67
26-Jul-23 23:17:51 [INFO] Fetching post data: /job/vehicle-technician-725-1
26-Jul-23 23:17:52 [INFO] Fetching post data: /job/vehicle-crash-test-technician-724-1
26-Jul-23 23:17:53 [INFO] Fetching post data: /job/vehicle-crash-test-technician-723-1
26-Jul-23 23:17:54 [INFO] Fetching post data: /job/navigation-vehicle-test-technician-722-1
26-Jul-23 23:17:55 [INFO] Fetching post data: /job/procurement-manager-79
26-Jul-23 23:17:56 [INFO] Fetching post data: /job/vehicle-test-technician-connected-car-721-1
26-Jul-23 23:17:57 [INFO] Fetching post data: /job/vehicle-test-technician-720-1
26-Jul-23 23:17:58 [INFO] Fetching post data: /job/ecological-clerk-of-works-6
26-Jul-23 23:17:59 [INFO] Fetching post data: /job/planner-get-ready-london-slash-leiston
26-Jul-23 23:18:01 [INFO] Fetching post data: /job/mechanical-technician-89
26-Jul-23 23:18:01 [INFO] Fetching post data: /job/senior-mechanical-design-engineer-54
26-Jul-23 23:18:03 [INFO] Fetching post data: /job/p6-project-planner-sizewell-c-3
26-Jul-23 23:18:05 [INFO] Fetching post data: /job/area-integration-lead-1
26-Jul-23 23:18:06 [INFO] Fetching post data: /job/cad-designer-civil
26-Jul-23 23:18:08 [INFO] Fetching post data: /job/senior-design-engineers-various-disciplines
26-Jul-23 23:18:09 [INFO] Fetching post data: /job/senior-robotic-systems-technologist-2
26-Jul-23 23:18:11 [INFO] Fetching post data: /job/projects-and-improvements-operator-2-year-secondment
26-Jul-23 23:18:12 [INFO] Fetching post data: /job/stress-engineer-15
26-Jul-23 23:18:14 [INFO] Fetching post data: /job/planner-big-build-leiston-slash-london
26-Jul-23 23:18:14 [INFO] Fetching post data: /job/vehicle-technician-12
26-Jul-23 23:18:15 [INFO] Fetching post data: /job/electrical-test-technician-674-1
26-Jul-23 23:18:16 [INFO] Fetching post data: /job/assembly-operative-16
26-Jul-23 23:18:17 [INFO] Fetching post data: /job/administrator-479
26-Jul-23 23:18:19 [INFO] Saving job posts to Morson_20230726.csv
26-Jul-23 23:18:19 [INFO] Saving job posts to Morson_20230726.json
26-Jul-23 23:36:30 [INFO] Intializing the crawler with configurations:
26-Jul-23 23:36:30 [INFO] Start URL: https://www.morson.com/jobs
26-Jul-23 23:36:30 [INFO] Sector File: ./morson_sector.json
26-Jul-23 23:36:30 [INFO] Limit Days: 7
26-Jul-23 23:36:30 [INFO] Session: False
26-Jul-23 23:36:30 [INFO] Starting Crawler
26-Jul-23 23:36:30 [INFO] Loaded Sectors Succesfully
26-Jul-23 23:36:30 [INFO] Fetching post urls from listing pages
26-Jul-23 23:36:30 [INFO] Fetching post urls: https://www.morson.com/jobs
28-Jul-23 11:37:44 [INFO] Intializing the crawler with configurations:
28-Jul-23 11:37:44 [INFO] Start URL: https://www.morson.com/jobs
28-Jul-23 11:37:44 [INFO] Sector File: ./morson_sector.json
28-Jul-23 11:37:44 [INFO] Limit Days: 7
28-Jul-23 11:37:44 [INFO] Session: False
28-Jul-23 11:37:44 [INFO] Starting Crawler
28-Jul-23 11:37:44 [INFO] Loaded Sectors Succesfully
28-Jul-23 11:37:44 [INFO] Fetching post urls from listing pages
28-Jul-23 11:37:44 [INFO] Fetching post urls: https://www.morson.com/jobs
28-Jul-23 11:37:46 [INFO] Fetching post urls: /jobs?page=2
28-Jul-23 11:37:48 [INFO] Fetching post urls: /jobs?page=3
28-Jul-23 11:37:50 [INFO] Fetching post urls: /jobs?page=4
28-Jul-23 11:37:53 [INFO] Fetching post urls: /jobs?page=5
28-Jul-23 11:37:55 [INFO] Fetching post urls: /jobs?page=6
28-Jul-23 11:37:57 [INFO] Fetching post urls: /jobs?page=7
28-Jul-23 11:37:59 [INFO] Fetching post urls: /jobs?page=8
28-Jul-23 11:38:01 [INFO] Post urls found: 141
28-Jul-23 11:38:01 [INFO] Fetching job post details
28-Jul-23 11:38:01 [INFO] Fetching post data: /job/data-entry-clerk-1
28-Jul-23 11:38:02 [INFO] Fetching post data: /job/buyer-202
28-Jul-23 11:38:04 [INFO] Fetching post data: /job/office-supervisor-and-team-assistant
28-Jul-23 11:38:04 [INFO] Fetching post data: /job/manufacturing-engineer-assembly-and-integration-45
28-Jul-23 11:38:05 [INFO] Fetching post data: /job/plant-inspector-2
28-Jul-23 11:38:05 [INFO] Fetching post data: /job/software-engineer-274
28-Jul-23 11:38:06 [INFO] Fetching post data: /job/admin-assistant-23
28-Jul-23 11:38:06 [INFO] Fetching post data: /job/site-manager-145
28-Jul-23 11:38:06 [INFO] Fetching post data: /job/mechanical-inspector-motorsport
28-Jul-23 11:38:08 [INFO] Fetching post data: /job/software-test-engineer-13
28-Jul-23 11:38:09 [INFO] Fetching post data: /job/stores-slash-warehouse-operative
28-Jul-23 11:38:09 [INFO] Fetching post data: /job/supplier-project-manager-on-site
28-Jul-23 11:38:11 [INFO] Fetching post data: /job/ge-and-sm-scheduler-2
28-Jul-23 11:38:12 [INFO] Fetching post data: /job/project-administrator-157
28-Jul-23 11:38:13 [INFO] Fetching post data: /job/sap-abap-integration-developer-abap-sap-u15
28-Jul-23 11:38:14 [INFO] Fetching post data: /job/workplace-facilities-assistant-1
28-Jul-23 11:38:14 [INFO] Fetching post data: /job/programme-manager-36
28-Jul-23 11:38:15 [INFO] Fetching post data: /job/senior-civil-slash-structural-design-engineer
28-Jul-23 11:38:16 [INFO] Fetching post data: /job/account-manager-22
28-Jul-23 11:38:17 [INFO] Fetching post data: /job/cad-technician-39
28-Jul-23 11:38:17 [INFO] Fetching post data: /job/civil-slash-structural-design-engineer-1
28-Jul-23 11:38:18 [INFO] Fetching post data: /job/mechanical-engineer-161
28-Jul-23 11:38:20 [INFO] Fetching post data: /job/cabin-crew-instructor
28-Jul-23 11:38:20 [INFO] Fetching post data: /job/tactical-buyer-it
28-Jul-23 11:38:21 [INFO] Fetching post data: /job/manufacturing-engineer-287
28-Jul-23 11:38:21 [INFO] Fetching post data: /job/pcb-assembler-1
28-Jul-23 11:38:22 [INFO] Fetching post data: /job/cnc-miller-slash-setter-slash-operator
28-Jul-23 11:38:23 [INFO] Fetching post data: /job/cascade-repopulation-outage-and-commissioning-engineer-electrical-engineer
28-Jul-23 11:38:25 [INFO] Fetching post data: /job/electrical-mechanisms-technician-aerospace
28-Jul-23 11:38:26 [INFO] Fetching post data: /job/siss-slash-cctv-installer-birmingham
28-Jul-23 11:38:27 [INFO] Fetching post data: /job/senior-sub-contract-buyer-5
28-Jul-23 11:38:28 [INFO] Fetching post data: /job/good-inwards-inspector-1
28-Jul-23 11:38:29 [INFO] Fetching post data: /job/she-administrator-1
28-Jul-23 11:38:30 [INFO] Fetching post data: /job/electrical-design-engineer-49
28-Jul-23 11:38:31 [INFO] Fetching post data: /job/cnc-machinist-slash-5-axis-operator
28-Jul-23 11:38:33 [INFO] Fetching post data: /job/project-manager-738
28-Jul-23 11:38:33 [INFO] Fetching post data: /job/software-engineer-sc-cleared
28-Jul-23 11:38:35 [INFO] Fetching post data: /job/electrical-engineer-electrical-distribution
28-Jul-23 11:38:37 [INFO] Fetching post data: /job/paint-sprayer-26
28-Jul-23 11:38:38 [INFO] Fetching post data: /job/data-engineer-26
28-Jul-23 11:38:39 [INFO] Fetching post data: /job/procurement-and-supply-chain-specialist-8
28-Jul-23 11:38:39 [INFO] Fetching post data: /job/engineer-10
28-Jul-23 11:38:39 [INFO] Fetching post data: /job/senior-quantity-surveyor-162
28-Jul-23 11:38:41 [INFO] Fetching post data: /job/project-manager-737
28-Jul-23 11:38:42 [INFO] Fetching post data: /job/lead-planning-monitoring-and-control-professional-hybrid
28-Jul-23 11:38:43 [INFO] Fetching post data: /job/senior-electrical-design-engineer-27
28-Jul-23 11:38:44 [INFO] Fetching post data: /job/build-inspector-3
28-Jul-23 11:38:46 [INFO] Fetching post data: /job/senior-cs-and-a-technician-3
28-Jul-23 11:38:47 [INFO] Fetching post data: /job/senior-contract-manager-5
28-Jul-23 11:38:48 [INFO] Fetching post data: /job/materials-handling-technician
28-Jul-23 11:38:50 [INFO] Fetching post data: /job/systems-engineer-223
28-Jul-23 11:38:51 [INFO] Fetching post data: /job/senior-field-service-engineer-1
28-Jul-23 11:38:51 [INFO] Fetching post data: /job/hr-administrator-12-month-ftc-burnley
28-Jul-23 11:38:52 [INFO] Fetching post data: /job/validation-specialist-contractor-laboratory
28-Jul-23 11:38:54 [INFO] Fetching post data: /job/commercial-manager-145
28-Jul-23 11:38:56 [INFO] Fetching post data: /job/project-manager-736
28-Jul-23 11:38:57 [INFO] Fetching post data: /job/sub-contracts-manager-bids
28-Jul-23 11:38:58 [INFO] Fetching post data: /job/import-slash-export-controller
28-Jul-23 11:38:59 [INFO] Fetching post data: /job/project-manager-735
28-Jul-23 11:39:00 [INFO] Fetching post data: /job/mechanical-inspector-48
28-Jul-23 11:39:00 [INFO] Fetching post data: /job/receptionist-138
28-Jul-23 11:39:01 [INFO] Fetching post data: /job/sub-project-manager-6
28-Jul-23 11:39:02 [INFO] Fetching post data: /job/maintenance-mechanical-technician
28-Jul-23 11:39:03 [INFO] Fetching post data: /job/circuit-card-testing-engineer-flying-probe
28-Jul-23 11:39:05 [INFO] Fetching post data: /job/employee-relations-specialist-15
28-Jul-23 11:39:06 [INFO] Fetching post data: /job/accounts-payable-administrator-14
28-Jul-23 11:39:08 [INFO] Fetching post data: /job/area-engineering-manager-5
28-Jul-23 11:39:08 [INFO] Fetching post data: /job/ec-and-i-shift-technician
28-Jul-23 11:39:09 [INFO] Fetching post data: /job/senior-engineer-39
28-Jul-23 11:39:10 [INFO] Fetching post data: /job/apprenticeship-served-mechanical-maintenance-technician
28-Jul-23 11:39:11 [INFO] Fetching post data: /job/principal-engineer-software-5
28-Jul-23 11:39:12 [INFO] Fetching post data: /job/systems-engineer-222
28-Jul-23 11:39:12 [INFO] Fetching post data: /job/interim-accountant-3
28-Jul-23 11:39:14 [INFO] Fetching post data: /job/administrator-sales-support
28-Jul-23 11:39:14 [INFO] Fetching post data: /job/test-rig-designer
28-Jul-23 11:39:15 [INFO] Fetching post data: /job/protecting-workers-on-the-track-pwt-1
28-Jul-23 11:39:16 [INFO] Fetching post data: /job/principal-systems-engineer-37
28-Jul-23 11:39:17 [INFO] Fetching post data: /job/principal-systems-engineer-36
28-Jul-23 11:39:17 [INFO] Fetching post data: /job/principal-systems-engineer-35
28-Jul-23 11:39:19 [INFO] Fetching post data: /job/project-administrator-156
28-Jul-23 11:39:19 [INFO] Fetching post data: /job/senior-mechanical-engineer-107
28-Jul-23 11:39:20 [INFO] Fetching post data: /job/quality-engineer-149
28-Jul-23 11:39:21 [INFO] Fetching post data: /job/electrical-design-engineer-48
28-Jul-23 11:39:22 [INFO] Fetching post data: /job/principal-highways-engineer-2
28-Jul-23 11:39:23 [INFO] Fetching post data: /job/machinist-fabrication-technician-728
28-Jul-23 11:39:24 [INFO] Fetching post data: /job/senior-cost-controller-1
28-Jul-23 11:39:25 [INFO] Fetching post data: /job/metering-engineer-4
28-Jul-23 11:39:26 [INFO] Fetching post data: /job/senior-finance-analyst-5
28-Jul-23 11:39:27 [INFO] Fetching post data: /job/solution-engineering-manager-r0222967
28-Jul-23 11:39:29 [INFO] Fetching post data: /job/process-engineer-62
28-Jul-23 11:39:30 [INFO] Fetching post data: /job/quality-administrator-9
28-Jul-23 11:39:32 [INFO] Fetching post data: /job/safety-case-support-technical-author
28-Jul-23 11:39:34 [INFO] Fetching post data: /job/procurement-officer-22
28-Jul-23 11:39:35 [INFO] Fetching post data: /job/site-qa-officer-1
28-Jul-23 11:39:36 [INFO] Fetching post data: /job/marketing-slash-communications-manager
28-Jul-23 11:39:38 [INFO] Fetching post data: /job/electrical-engineer-118
28-Jul-23 11:39:39 [INFO] Fetching post data: /job/multi-skilled-engineer-33
28-Jul-23 11:39:39 [INFO] Fetching post data: /job/software-assurance-engineer-9
28-Jul-23 11:39:40 [INFO] Fetching post data: /job/multi-skilled-engineer-34
28-Jul-23 11:39:42 [INFO] Fetching post data: /job/noc-engineer-3
28-Jul-23 11:39:43 [INFO] Fetching post data: /job/5x-mobile-systems-engineers
28-Jul-23 11:39:45 [INFO] Fetching post data: /job/interim-payroll-specialist
28-Jul-23 11:39:46 [INFO] Fetching post data: /job/project-quality-engineer-16
28-Jul-23 11:39:48 [INFO] Fetching post data: /job/assistant-procurement-manager-4
28-Jul-23 11:39:50 [INFO] Fetching post data: /job/permit-engineer
28-Jul-23 11:39:52 [INFO] Fetching post data: /job/project-manager-734
28-Jul-23 11:39:53 [INFO] Fetching post data: /job/learning-facilitator-slash-h-and-s-trainer
28-Jul-23 11:39:55 [INFO] Fetching post data: /job/embedded-c-slash-c-plus-plus-software-engineer-5
28-Jul-23 11:39:56 [INFO] Fetching post data: /job/p6-project-planner-sizewell-c-4
28-Jul-23 11:39:56 [INFO] Fetching post data: /job/snowflake-and-dbt-data-engineer
28-Jul-23 11:39:58 [INFO] Fetching post data: /job/p6-planner-15
28-Jul-23 11:40:00 [INFO] Fetching post data: /job/finance-assistant-37
28-Jul-23 11:40:01 [INFO] Fetching post data: /job/receptionist-137
28-Jul-23 11:40:03 [INFO] Fetching post data: /job/senior-cs-and-a-engineer-14
28-Jul-23 11:40:04 [INFO] Fetching post data: /job/senior-cs-and-a-engineer-13
28-Jul-23 11:40:06 [INFO] Fetching post data: /job/business-development-manager-31
28-Jul-23 11:40:07 [INFO] Fetching post data: /job/portfolio-analyst
28-Jul-23 11:40:08 [INFO] Fetching post data: /job/interim-legal-counsel-12-months-ftc
28-Jul-23 11:40:09 [INFO] Fetching post data: /job/commercial-finance-manager-2
28-Jul-23 11:40:11 [INFO] Fetching post data: /job/senior-recruitment-consultant-10
28-Jul-23 11:40:11 [INFO] Fetching post data: /job/project-support-coordinator
28-Jul-23 11:40:13 [INFO] Fetching post data: /job/sales-support-administrator-4
28-Jul-23 11:40:14 [INFO] Fetching post data: /job/paint-sprayer-25
28-Jul-23 11:40:16 [INFO] Fetching post data: /job/civil-site-manager-8
28-Jul-23 11:40:17 [INFO] Fetching post data: /job/business-support-assistant-21
28-Jul-23 11:40:18 [INFO] Fetching post data: /job/service-controller-1
28-Jul-23 11:40:19 [INFO] Fetching post data: /job/o-and-m-document-controller
28-Jul-23 11:40:20 [INFO] Fetching post data: /job/non-linear-finite-element-analysis-engineer
28-Jul-23 11:40:21 [INFO] Fetching post data: /job/metrology-fitter
28-Jul-23 11:40:22 [INFO] Fetching post data: /job/reporting-and-digital-manager
28-Jul-23 11:40:24 [INFO] Fetching post data: /job/civil-structural-engineer-fea-experience
28-Jul-23 11:40:26 [INFO] Fetching post data: /job/principal-systems-engineer-avc-test-capability
28-Jul-23 11:40:27 [INFO] Fetching post data: /job/senior-civil-structural-engineer-fea-experience
28-Jul-23 11:40:29 [INFO] Fetching post data: /job/material-supply-officer-26
28-Jul-23 11:40:30 [INFO] Fetching post data: /job/cnc-machinist-69
28-Jul-23 11:40:30 [INFO] Fetching post data: /job/people-services-advisor
28-Jul-23 11:40:31 [INFO] Fetching post data: /job/construction-engineer-5
28-Jul-23 11:40:33 [INFO] Fetching post data: /job/mechanical-field-service-1
28-Jul-23 11:40:34 [INFO] Fetching post data: /job/site-domestic-supervisor
28-Jul-23 11:40:35 [INFO] Fetching post data: /job/manufacturing-engineer-286
28-Jul-23 11:40:36 [INFO] Fetching post data: /job/accounts-bookeeper
28-Jul-23 11:40:38 [INFO] Saving job posts to Morson_20230728.csv
28-Jul-23 11:40:38 [INFO] Saving job posts to Morson_20230728.json
